<?xml version="1.0" encoding="UTF-8"?>
<testsuite xmlns:xsi="http://www.w3.org/2001/XMLSchema-instance" xsi:noNamespaceSchemaLocation="https://maven.apache.org/surefire/maven-surefire-plugin/xsd/surefire-test-report-3.0.xsd" version="3.0" name="shared.SharedDriveFilesTest" time="2.374" tests="9" errors="0" skipped="0" failures="0">
  <properties>
[...]
</properties>
  <testcase name="getSharedDriveResource_notFound_returns404" classname="shared.SharedDriveFilesTest" time="0.398">
    <system-out><![CDATA[ИНФОРМАЦИЯ: Общие диски недоступны (код 404). Тесты этой группы будут пропущены. Для запуска необходим аккаунт Яндекс 360 для бизнеса.
]]></system-out>
  </testcase>
  <testcase name="getSharedDriveResource_invalidToken_returns401" classname="shared.SharedDriveFilesTest" time="0.074"/>
  <testcase name="createFolderOnSharedDrive_invalidToken_returns401" classname="shared.SharedDriveFilesTest" time="0.078"/>
  <testcase name="copyOnSharedDrive_sourceNotFound_returns404" classname="shared.SharedDriveFilesTest" time="0.389"/>
  <testcase name="copyOnSharedDrive_invalidToken_returns401" classname="shared.SharedDriveFilesTest" time="0.074"/>
  <testcase name="moveOnSharedDrive_sourceNotFound_returns404" classname="shared.SharedDriveFilesTest" time="0.413"/>
  <testcase name="moveOnSharedDrive_invalidToken_returns401" classname="shared.SharedDriveFilesTest" time="0.073"/>
  <testcase name="deleteOnSharedDrive_notFound_returns404" classname="shared.SharedDriveFilesTest" time="0.393"/>
  <testcase name="deleteOnSharedDrive_invalidToken_returns401" classname="shared.SharedDriveFilesTest" time="0.081"/>
</testsuite>