<?xml version="1.0" encoding="UTF-8"?>
<testsuite xmlns:xsi="http://www.w3.org/2001/XMLSchema-instance" xsi:noNamespaceSchemaLocation="https://maven.apache.org/surefire/maven-surefire-plugin/xsd/surefire-test-report-3.0.xsd" version="3.0" name="downloadupload.DownloadUploadTest" time="8.906" tests="13" errors="0" skipped="0" failures="3">
  <properties>
[...]
</properties>
  <testcase name="getDownloadLink_existingFile_returns200" classname="downloadupload.DownloadUploadTest" time="0.305"/>
  <testcase name="getDownloadLink_nonExistentFile_returns404" classname="downloadupload.DownloadUploadTest" time="0.331"/>
  <testcase name="getDownloadLink_invalidToken_returns401" classname="downloadupload.DownloadUploadTest" time="0.081"/>
  <testcase name="getDownloadLink_missingPath_returns400" classname="downloadupload.DownloadUploadTest" time="0.07"/>
  <testcase name="getUploadLink_newFile_returns200" classname="downloadupload.DownloadUploadTest" time="0.862"/>
  <testcase name="getUploadLink_existingFileNoOverwrite_returns409" classname="downloadupload.DownloadUploadTest" time="0.722">
    <failure message="ПРЕДУПРЕЖДЕНИЕ: GET /v1/disk/resources/upload (файл существует, overwrite=false) — Ожидаемые коды: [200, 409], Полученный код: 423. Тело ответа: {&quot;error&quot;:&quot;DiskResourceLockedError&quot;,&quot;description&quot;:&quot;Resource is locked.&quot;,&quot;message&quot;:&quot;Ресурс заблокирован. Возможно, над ним выполняется другая операция.&quot;}" type="org.opentest4j.AssertionFailedError"><![CDATA[org.opentest4j.AssertionFailedError: ПРЕДУПРЕЖДЕНИЕ: GET /v1/disk/resources/upload (файл существует, overwrite=false) — Ожидаемые коды: [200, 409], Полученный код: 423. Тело ответа: {"error":"DiskResourceLockedError","description":"Resource is locked.","message":"Ресурс заблокирован. Возможно, над ним выполняется другая операция."}
	at org.junit.jupiter.api.AssertionUtils.fail(AssertionUtils.java:38)
	at org.junit.jupiter.api.Assertions.fail(Assertions.java:138)
	at base.BaseTest.assertStatusCodeOneOf(BaseTest.java:149)
	at downloadupload.DownloadUploadTest.getUploadLink_existingFileNoOverwrite_returns409(DownloadUploadTest.java:140)
	at java.base/java.lang.reflect.Method.invoke(Method.java:580)
	at java.base/java.util.ArrayList.forEach(ArrayList.java:1597)
	at java.base/java.util.ArrayList.forEach(ArrayList.java:1597)
]]></failure>
  </testcase>
  <testcase name="getUploadLink_overwrite_returns200" classname="downloadupload.DownloadUploadTest" time="0.365">
    <failure message="ПРЕДУПРЕЖДЕНИЕ: GET /v1/disk/resources/upload (overwrite=true) — Ожидаемый код: 200, Полученный код: 409. Тело ответа: {&quot;error&quot;:&quot;DiskPathDoesntExistsError&quot;,&quot;description&quot;:&quot;Specified path \&quot;disk:/autotest_temp/download_upload_tests/test_download.txt\&quot; doesn&apos;t exists.&quot;,&quot;message&quot;:&quot;Указанного пути \&quot;disk:/autotest_temp/download_upload_tests/test_download.txt\&quot; не существует.&quot;}" type="org.opentest4j.AssertionFailedError"><![CDATA[org.opentest4j.AssertionFailedError: ПРЕДУПРЕЖДЕНИЕ: GET /v1/disk/resources/upload (overwrite=true) — Ожидаемый код: 200, Полученный код: 409. Тело ответа: {"error":"DiskPathDoesntExistsError","description":"Specified path \"disk:/autotest_temp/download_upload_tests/test_download.txt\" doesn't exists.","message":"Указанного пути \"disk:/autotest_temp/download_upload_tests/test_download.txt\" не существует."}
	at org.junit.jupiter.api.AssertionUtils.fail(AssertionUtils.java:38)
	at org.junit.jupiter.api.Assertions.fail(Assertions.java:138)
	at base.BaseTest.assertStatusCode(BaseTest.java:125)
	at downloadupload.DownloadUploadTest.getUploadLink_overwrite_returns200(DownloadUploadTest.java:154)
	at java.base/java.lang.reflect.Method.invoke(Method.java:580)
	at java.base/java.util.ArrayList.forEach(ArrayList.java:1597)
	at java.base/java.util.ArrayList.forEach(ArrayList.java:1597)
]]></failure>
  </testcase>
  <testcase name="getUploadLink_invalidToken_returns401" classname="downloadupload.DownloadUploadTest" time="0.073"/>
  <testcase name="getUploadLink_missingPath_returns400" classname="downloadupload.DownloadUploadTest" time="0.08"/>
  <testcase name="uploadByUrl_validUrl_returns202" classname="downloadupload.DownloadUploadTest" time="0.716">
    <failure message="ПРЕДУПРЕЖДЕНИЕ: POST /v1/disk/resources/upload (загрузка по URL) — Ожидаемый код: 202, Полученный код: 409. Тело ответа: {&quot;error&quot;:&quot;DiskPathDoesntExistsError&quot;,&quot;description&quot;:&quot;Specified path \&quot;disk:/autotest_temp/download_upload_tests/url_uploaded_file.txt\&quot; doesn&apos;t exists.&quot;,&quot;message&quot;:&quot;Указанного пути \&quot;disk:/autotest_temp/download_upload_tests/url_uploaded_file.txt\&quot; не существует.&quot;}" type="org.opentest4j.AssertionFailedError"><![CDATA[org.opentest4j.AssertionFailedError: ПРЕДУПРЕЖДЕНИЕ: POST /v1/disk/resources/upload (загрузка по URL) — Ожидаемый код: 202, Полученный код: 409. Тело ответа: {"error":"DiskPathDoesntExistsError","description":"Specified path \"disk:/autotest_temp/download_upload_tests/url_uploaded_file.txt\" doesn't exists.","message":"Указанного пути \"disk:/autotest_temp/download_upload_tests/url_uploaded_file.txt\" не существует."}
	at org.junit.jupiter.api.AssertionUtils.fail(AssertionUtils.java:38)
	at org.junit.jupiter.api.Assertions.fail(Assertions.java:138)
	at base.BaseTest.assertStatusCode(BaseTest.java:125)
	at downloadupload.DownloadUploadTest.uploadByUrl_validUrl_returns202(DownloadUploadTest.java:198)
	at java.base/java.lang.reflect.Method.invoke(Method.java:580)
	at java.base/java.util.ArrayList.forEach(ArrayList.java:1597)
	at java.base/java.util.ArrayList.forEach(ArrayList.java:1597)
]]></failure>
  </testcase>
  <testcase name="uploadByUrl_invalidToken_returns401" classname="downloadupload.DownloadUploadTest" time="0.078"/>
  <testcase name="uploadByUrl_missingUrl_returns400" classname="downloadupload.DownloadUploadTest" time="0.227"/>
  <testcase name="uploadByUrl_missingPath_returns400" classname="downloadupload.DownloadUploadTest" time="0.076"/>
</testsuite>