<?xml version="1.0" encoding="UTF-8"?>
<testsuite xmlns:xsi="http://www.w3.org/2001/XMLSchema-instance" xsi:noNamespaceSchemaLocation="https://maven.apache.org/surefire/maven-surefire-plugin/xsd/surefire-test-report-3.0.xsd" version="3.0" name="operations.FileOperationsTest" time="30.192" tests="22" errors="0" skipped="0" failures="1">
  <properties>
[...]
</properties>
  <testcase name="createFolder_newFolder_returns201" classname="operations.FileOperationsTest" time="3.049"/>
  <testcase name="createFolder_alreadyExists_returns409" classname="operations.FileOperationsTest" time="0.358"/>
  <testcase name="createFolder_invalidToken_returns401" classname="operations.FileOperationsTest" time="0.079"/>
  <testcase name="createFolder_missingPath_returns400" classname="operations.FileOperationsTest" time="0.075"/>
  <testcase name="createFolder_parentNotExists_returns409" classname="operations.FileOperationsTest" time="0.504"/>
  <testcase name="copyResource_validCopy_returns201" classname="operations.FileOperationsTest" time="3.558">
    <failure message="ПРЕДУПРЕЖДЕНИЕ: POST /v1/disk/resources/copy (корректное копирование) — Ожидаемые коды: [201, 202], Полученный код: 409. Тело ответа: {&quot;error&quot;:&quot;DiskResourceAlreadyExistsError&quot;,&quot;description&quot;:&quot;Resource \&quot;disk:/autotest_temp/file_operations_tests/copy_dest\&quot; already exists.&quot;,&quot;message&quot;:&quot;Ресурс \&quot;disk:/autotest_temp/file_operations_tests/copy_dest\&quot; уже существует.&quot;}" type="org.opentest4j.AssertionFailedError"><![CDATA[org.opentest4j.AssertionFailedError: ПРЕДУПРЕЖДЕНИЕ: POST /v1/disk/resources/copy (корректное копирование) — Ожидаемые коды: [201, 202], Полученный код: 409. Тело ответа: {"error":"DiskResourceAlreadyExistsError","description":"Resource \"disk:/autotest_temp/file_operations_tests/copy_dest\" already exists.","message":"Ресурс \"disk:/autotest_temp/file_operations_tests/copy_dest\" уже существует."}
	at org.junit.jupiter.api.AssertionUtils.fail(AssertionUtils.java:38)
	at org.junit.jupiter.api.Assertions.fail(Assertions.java:138)
	at base.BaseTest.assertStatusCodeOneOf(BaseTest.java:149)
	at operations.FileOperationsTest.copyResource_validCopy_returns201(FileOperationsTest.java:156)
	at java.base/java.lang.reflect.Method.invoke(Method.java:580)
	at java.base/java.util.ArrayList.forEach(ArrayList.java:1597)
	at java.base/java.util.ArrayList.forEach(ArrayList.java:1597)
]]></failure>
  </testcase>
  <testcase name="copyResource_destExists_returns409" classname="operations.FileOperationsTest" time="0.823"/>
  <testcase name="copyResource_sourceNotFound_returns404" classname="operations.FileOperationsTest" time="0.324"/>
  <testcase name="copyResource_invalidToken_returns401" classname="operations.FileOperationsTest" time="0.096"/>
  <testcase name="copyResource_overwrite_returns201" classname="operations.FileOperationsTest" time="1.666"/>
  <testcase name="moveResource_validMove_returns201" classname="operations.FileOperationsTest" time="5.31"/>
  <testcase name="moveResource_sourceNotFound_returns404" classname="operations.FileOperationsTest" time="0.375"/>
  <testcase name="moveResource_destExists_returns409" classname="operations.FileOperationsTest" time="1.921"/>
  <testcase name="moveResource_invalidToken_returns401" classname="operations.FileOperationsTest" time="0.093"/>
  <testcase name="deleteResource_existingFolder_returns204" classname="operations.FileOperationsTest" time="3.148"/>
  <testcase name="deleteResource_notFound_returns404" classname="operations.FileOperationsTest" time="0.32"/>
  <testcase name="deleteResource_invalidToken_returns401" classname="operations.FileOperationsTest" time="0.079"/>
  <testcase name="deleteResource_missingPath_returns400" classname="operations.FileOperationsTest" time="0.088"/>
  <testcase name="deleteResource_toTrash_returns204" classname="operations.FileOperationsTest" time="3.17"/>
  <testcase name="getOperationStatus_invalidId_returns404" classname="operations.FileOperationsTest" time="0.154"/>
  <testcase name="getOperationStatus_invalidToken_returns401" classname="operations.FileOperationsTest" time="0.081"/>
  <testcase name="getOperationStatus_fromAsyncOperation_returns200" classname="operations.FileOperationsTest" time="1.42">
    <system-out><![CDATA[ИНФОРМАЦИЯ: Удаление выполнено синхронно (код 404), тест статуса операции пропущен — для проверки нужна асинхронная операция.
]]></system-out>
  </testcase>
</testsuite>